<?xml version="1.0" encoding="UTF-8"?>
<testsuite name="ScrabbleTest" tests="3" skipped="0" failures="0" errors="0" timestamp="2016-01-05T21:57:54" hostname="epicodus-169.local" time="0.002">
  <properties/>
  <testcase name="scrabbleScore_returnsTotalForTwoWords_10" classname="ScrabbleTest" time="0.002"/>
  <testcase name="scrabbleScore_returnsTotalScore_2" classname="ScrabbleTest" time="0.0"/>
  <testcase name="scrabbleScore_returnsDifferentTotalScore_5" classname="ScrabbleTest" time="0.0"/>
  <system-out><![CDATA[]]></system-out>
  <system-err><![CDATA[]]></system-err>
</testsuite>
