<?xml version="1.0" encoding="UTF-8"?>
<testsuite name="ScrabbleTest" tests="1" skipped="0" failures="0" errors="0" timestamp="2016-01-05T18:55:20" hostname="epicodus-169.local" time="0.001">
  <properties/>
  <testcase name="scrabbleScore_returnsAString_a" classname="ScrabbleTest" time="0.001"/>
  <system-out><![CDATA[]]></system-out>
  <system-err><![CDATA[]]></system-err>
</testsuite>
